[2021-04-19 17:03:11,312] INFO [ControllerEventThread controllerId=1001] Starting (kafka.controller.ControllerEventManager$ControllerEventThread)
[2021-04-19 17:03:11,347] INFO [Controller id=1001] 1001 successfully elected as the controller. Epoch incremented to 1 and epoch zk version is now 1 (kafka.controller.KafkaController)
[2021-04-19 17:03:11,361] INFO [Controller id=1001] Creating FeatureZNode at path: /feature with contents: FeatureZNode(Enabled,Features{}) (kafka.controller.KafkaController)
[2021-04-19 17:03:11,536] INFO [Controller id=1001] Registering handlers (kafka.controller.KafkaController)
[2021-04-19 17:03:11,540] INFO [Controller id=1001] Deleting log dir event notifications (kafka.controller.KafkaController)
[2021-04-19 17:03:11,544] INFO [Controller id=1001] Deleting isr change notifications (kafka.controller.KafkaController)
[2021-04-19 17:03:11,549] INFO [Controller id=1001] Initializing controller context (kafka.controller.KafkaController)
[2021-04-19 17:03:11,566] INFO [Controller id=1001] Initialized broker epochs cache: HashMap(1001 -> 25) (kafka.controller.KafkaController)
[2021-04-19 17:03:11,571] DEBUG [Controller id=1001] Register BrokerModifications handler for Set(1001) (kafka.controller.KafkaController)
[2021-04-19 17:03:11,578] DEBUG [Channel manager on controller 1001]: Controller 1001 trying to connect to broker 1001 (kafka.controller.ControllerChannelManager)
[2021-04-19 17:03:11,590] INFO [Controller id=1001] Currently active brokers in the cluster: Set(1001) (kafka.controller.KafkaController)
[2021-04-19 17:03:11,591] INFO [Controller id=1001] Currently shutting brokers in the cluster: HashSet() (kafka.controller.KafkaController)
[2021-04-19 17:03:11,591] INFO [RequestSendThread controllerId=1001] Starting (kafka.controller.RequestSendThread)
[2021-04-19 17:03:11,591] INFO [Controller id=1001] Current list of topics in the cluster: HashSet() (kafka.controller.KafkaController)
[2021-04-19 17:03:11,592] INFO [Controller id=1001] Fetching topic deletions in progress (kafka.controller.KafkaController)
[2021-04-19 17:03:11,595] INFO [Controller id=1001] List of topics to be deleted:  (kafka.controller.KafkaController)
[2021-04-19 17:03:11,596] INFO [Controller id=1001] List of topics ineligible for deletion:  (kafka.controller.KafkaController)
[2021-04-19 17:03:11,596] INFO [Controller id=1001] Initializing topic deletion manager (kafka.controller.KafkaController)
[2021-04-19 17:03:11,597] INFO [Topic Deletion Manager 1001] Initializing manager with initial deletions: Set(), initial ineligible deletions: HashSet() (kafka.controller.TopicDeletionManager)
[2021-04-19 17:03:11,598] INFO [Controller id=1001] Sending update metadata request (kafka.controller.KafkaController)
[2021-04-19 17:03:11,611] INFO [ReplicaStateMachine controllerId=1001] Initializing replica state (kafka.controller.ZkReplicaStateMachine)
[2021-04-19 17:03:11,612] INFO [ReplicaStateMachine controllerId=1001] Triggering online replica state changes (kafka.controller.ZkReplicaStateMachine)
[2021-04-19 17:03:11,614] INFO [RequestSendThread controllerId=1001] Controller 1001 connected to kafka:9093 (id: 1001 rack: null) for sending state change requests (kafka.controller.RequestSendThread)
[2021-04-19 17:03:11,617] INFO [ReplicaStateMachine controllerId=1001] Triggering offline replica state changes (kafka.controller.ZkReplicaStateMachine)
[2021-04-19 17:03:11,618] DEBUG [ReplicaStateMachine controllerId=1001] Started replica state machine with initial state -> HashMap() (kafka.controller.ZkReplicaStateMachine)
[2021-04-19 17:03:11,618] INFO [PartitionStateMachine controllerId=1001] Initializing partition state (kafka.controller.ZkPartitionStateMachine)
[2021-04-19 17:03:11,619] INFO [PartitionStateMachine controllerId=1001] Triggering online partition state changes (kafka.controller.ZkPartitionStateMachine)
[2021-04-19 17:03:11,623] DEBUG [PartitionStateMachine controllerId=1001] Started partition state machine with initial state -> HashMap() (kafka.controller.ZkPartitionStateMachine)
[2021-04-19 17:03:11,624] INFO [Controller id=1001] Ready to serve as the new controller with epoch 1 (kafka.controller.KafkaController)
[2021-04-19 17:03:11,631] INFO [Controller id=1001] Partitions undergoing preferred replica election:  (kafka.controller.KafkaController)
[2021-04-19 17:03:11,632] INFO [Controller id=1001] Partitions that completed preferred replica election:  (kafka.controller.KafkaController)
[2021-04-19 17:03:11,632] INFO [Controller id=1001] Skipping preferred replica election for partitions due to topic deletion:  (kafka.controller.KafkaController)
[2021-04-19 17:03:11,633] INFO [Controller id=1001] Resuming preferred replica election for partitions:  (kafka.controller.KafkaController)
[2021-04-19 17:03:11,634] INFO [Controller id=1001] Starting replica leader election (PREFERRED) for partitions  triggered by ZkTriggered (kafka.controller.KafkaController)
[2021-04-19 17:03:11,654] INFO [Controller id=1001] Starting the controller scheduler (kafka.controller.KafkaController)
[2021-04-19 17:03:11,721] INFO [Controller id=1001] New topics: [Set(quickstart-events, test-topic)], deleted topics: [HashSet()], new partition replica assignment [Map(quickstart-events-0 -> ReplicaAssignment(replicas=1001, addingReplicas=, removingReplicas=), test-topic-0 -> ReplicaAssignment(replicas=1001, addingReplicas=, removingReplicas=))] (kafka.controller.KafkaController)
[2021-04-19 17:03:11,722] INFO [Controller id=1001] New partition creation callback for quickstart-events-0,test-topic-0 (kafka.controller.KafkaController)
[2021-04-19 17:03:16,656] INFO [Controller id=1001] Processing automatic preferred replica leader election (kafka.controller.KafkaController)
[2021-04-19 17:03:16,657] TRACE [Controller id=1001] Checking need to trigger auto leader balancing (kafka.controller.KafkaController)
[2021-04-19 17:03:16,662] DEBUG [Controller id=1001] Topics not in preferred replica for broker 1001 Map() (kafka.controller.KafkaController)
[2021-04-19 17:03:16,663] TRACE [Controller id=1001] Leader imbalance ratio for broker 1001 is 0.0 (kafka.controller.KafkaController)
