[2021-04-19 20:30:20,211] INFO Registered kafka:type=kafka.Log4jController MBean (kafka.utils.Log4jControllerRegistration$)
[2021-04-19 20:30:20,770] INFO Setting -D jdk.tls.rejectClientInitiatedRenegotiation=true to disable client-initiated TLS renegotiation (org.apache.zookeeper.common.X509Util)
[2021-04-19 20:30:20,863] INFO Registered signal handlers for TERM, INT, HUP (org.apache.kafka.common.utils.LoggingSignalHandler)
[2021-04-19 20:30:20,869] INFO starting (kafka.server.KafkaServer)
[2021-04-19 20:30:20,870] INFO Connecting to zookeeper on zookeeper:2181 (kafka.server.KafkaServer)
[2021-04-19 20:30:20,901] INFO [ZooKeeperClient Kafka server] Initializing a new session to zookeeper:2181. (kafka.zookeeper.ZooKeeperClient)
[2021-04-19 20:30:20,910] INFO Client environment:zookeeper.version=3.5.8-f439ca583e70862c3068a1f2a7d4d068eec33315, built on 05/04/2020 15:53 GMT (org.apache.zookeeper.ZooKeeper)
[2021-04-19 20:30:20,910] INFO Client environment:host.name=76785fdbee66 (org.apache.zookeeper.ZooKeeper)
[2021-04-19 20:30:20,910] INFO Client environment:java.version=1.8.0_212 (org.apache.zookeeper.ZooKeeper)
[2021-04-19 20:30:20,910] INFO Client environment:java.vendor=IcedTea (org.apache.zookeeper.ZooKeeper)
[2021-04-19 20:30:20,910] INFO Client environment:java.home=/usr/lib/jvm/java-1.8-openjdk/jre (org.apache.zookeeper.ZooKeeper)
[2021-04-19 20:30:20,910] INFO Client environment:java.class.path=/opt/kafka/bin/../libs/activation-1.1.1.jar:/opt/kafka/bin/../libs/aopalliance-repackaged-2.6.1.jar:/opt/kafka/bin/../libs/argparse4j-0.7.0.jar:/opt/kafka/bin/../libs/audience-annotations-0.5.0.jar:/opt/kafka/bin/../libs/commons-cli-1.4.jar:/opt/kafka/bin/../libs/commons-lang3-3.8.1.jar:/opt/kafka/bin/../libs/connect-api-2.7.0.jar:/opt/kafka/bin/../libs/connect-basic-auth-extension-2.7.0.jar:/opt/kafka/bin/../libs/connect-file-2.7.0.jar:/opt/kafka/bin/../libs/connect-json-2.7.0.jar:/opt/kafka/bin/../libs/connect-mirror-2.7.0.jar:/opt/kafka/bin/../libs/connect-mirror-client-2.7.0.jar:/opt/kafka/bin/../libs/connect-runtime-2.7.0.jar:/opt/kafka/bin/../libs/connect-transforms-2.7.0.jar:/opt/kafka/bin/../libs/hk2-api-2.6.1.jar:/opt/kafka/bin/../libs/hk2-locator-2.6.1.jar:/opt/kafka/bin/../libs/hk2-utils-2.6.1.jar:/opt/kafka/bin/../libs/jackson-annotations-2.10.5.jar:/opt/kafka/bin/../libs/jackson-core-2.10.5.jar:/opt/kafka/bin/../libs/jackson-databind-2.10.5.1.jar:/opt/kafka/bin/../libs/jackson-dataformat-csv-2.10.5.jar:/opt/kafka/bin/../libs/jackson-datatype-jdk8-2.10.5.jar:/opt/kafka/bin/../libs/jackson-jaxrs-base-2.10.5.jar:/opt/kafka/bin/../libs/jackson-jaxrs-json-provider-2.10.5.jar:/opt/kafka/bin/../libs/jackson-module-jaxb-annotations-2.10.5.jar:/opt/kafka/bin/../libs/jackson-module-paranamer-2.10.5.jar:/opt/kafka/bin/../libs/jackson-module-scala_2.13-2.10.5.jar:/opt/kafka/bin/../libs/jakarta.activation-api-1.2.1.jar:/opt/kafka/bin/../libs/jakarta.annotation-api-1.3.5.jar:/opt/kafka/bin/../libs/jakarta.inject-2.6.1.jar:/opt/kafka/bin/../libs/jakarta.validation-api-2.0.2.jar:/opt/kafka/bin/../libs/jakarta.ws.rs-api-2.1.6.jar:/opt/kafka/bin/../libs/jakarta.xml.bind-api-2.3.2.jar:/opt/kafka/bin/../libs/javassist-3.25.0-GA.jar:/opt/kafka/bin/../libs/javassist-3.26.0-GA.jar:/opt/kafka/bin/../libs/javax.servlet-api-3.1.0.jar:/opt/kafka/bin/../libs/javax.ws.rs-api-2.1.1.jar:/opt/kafka/bin/../libs/jaxb-api-2.3.0.jar:/opt/kafka/bin/../libs/jersey-client-2.31.jar:/opt/kafka/bin/../libs/jersey-common-2.31.jar:/opt/kafka/bin/../libs/jersey-container-servlet-2.31.jar:/opt/kafka/bin/../libs/jersey-container-servlet-core-2.31.jar:/opt/kafka/bin/../libs/jersey-hk2-2.31.jar:/opt/kafka/bin/../libs/jersey-media-jaxb-2.31.jar:/opt/kafka/bin/../libs/jersey-server-2.31.jar:/opt/kafka/bin/../libs/jetty-client-9.4.33.v20201020.jar:/opt/kafka/bin/../libs/jetty-continuation-9.4.33.v20201020.jar:/opt/kafka/bin/../libs/jetty-http-9.4.33.v20201020.jar:/opt/kafka/bin/../libs/jetty-io-9.4.33.v20201020.jar:/opt/kafka/bin/../libs/jetty-security-9.4.33.v20201020.jar:/opt/kafka/bin/../libs/jetty-server-9.4.33.v20201020.jar:/opt/kafka/bin/../libs/jetty-servlet-9.4.33.v20201020.jar:/opt/kafka/bin/../libs/jetty-servlets-9.4.33.v20201020.jar:/opt/kafka/bin/../libs/jetty-util-9.4.33.v20201020.jar:/opt/kafka/bin/../libs/jopt-simple-5.0.4.jar:/opt/kafka/bin/../libs/kafka-clients-2.7.0.jar:/opt/kafka/bin/../libs/kafka-log4j-appender-2.7.0.jar:/opt/kafka/bin/../libs/kafka-raft-2.7.0.jar:/opt/kafka/bin/../libs/kafka-streams-2.7.0.jar:/opt/kafka/bin/../libs/kafka-streams-examples-2.7.0.jar:/opt/kafka/bin/../libs/kafka-streams-scala_2.13-2.7.0.jar:/opt/kafka/bin/../libs/kafka-streams-test-utils-2.7.0.jar:/opt/kafka/bin/../libs/kafka-tools-2.7.0.jar:/opt/kafka/bin/../libs/kafka_2.13-2.7.0-sources.jar:/opt/kafka/bin/../libs/kafka_2.13-2.7.0.jar:/opt/kafka/bin/../libs/log4j-1.2.17.jar:/opt/kafka/bin/../libs/lz4-java-1.7.1.jar:/opt/kafka/bin/../libs/maven-artifact-3.6.3.jar:/opt/kafka/bin/../libs/metrics-core-2.2.0.jar:/opt/kafka/bin/../libs/netty-buffer-4.1.51.Final.jar:/opt/kafka/bin/../libs/netty-codec-4.1.51.Final.jar:/opt/kafka/bin/../libs/netty-common-4.1.51.Final.jar:/opt/kafka/bin/../libs/netty-handler-4.1.51.Final.jar:/opt/kafka/bin/../libs/netty-resolver-4.1.51.Final.jar:/opt/kafka/bin/../libs/netty-transport-4.1.51.Final.jar:/opt/kafka/bin/../libs/netty-transport-native-epoll-4.1.51.Final.jar:/opt/kafka/bin/../libs/netty-transport-native-unix-common-4.1.51.Final.jar:/opt/kafka/bin/../libs/osgi-resource-locator-1.0.3.jar:/opt/kafka/bin/../libs/paranamer-2.8.jar:/opt/kafka/bin/../libs/plexus-utils-3.2.1.jar:/opt/kafka/bin/../libs/reflections-0.9.12.jar:/opt/kafka/bin/../libs/rocksdbjni-5.18.4.jar:/opt/kafka/bin/../libs/scala-collection-compat_2.13-2.2.0.jar:/opt/kafka/bin/../libs/scala-java8-compat_2.13-0.9.1.jar:/opt/kafka/bin/../libs/scala-library-2.13.3.jar:/opt/kafka/bin/../libs/scala-logging_2.13-3.9.2.jar:/opt/kafka/bin/../libs/scala-reflect-2.13.3.jar:/opt/kafka/bin/../libs/slf4j-api-1.7.30.jar:/opt/kafka/bin/../libs/slf4j-log4j12-1.7.30.jar:/opt/kafka/bin/../libs/snappy-java-1.1.7.7.jar:/opt/kafka/bin/../libs/zookeeper-3.5.8.jar:/opt/kafka/bin/../libs/zookeeper-jute-3.5.8.jar:/opt/kafka/bin/../libs/zstd-jni-1.4.5-6.jar (org.apache.zookeeper.ZooKeeper)
[2021-04-19 20:30:20,911] INFO Client environment:java.library.path=/usr/lib/jvm/java-1.8-openjdk/jre/lib/amd64/server:/usr/lib/jvm/java-1.8-openjdk/jre/lib/amd64:/usr/lib/jvm/java-1.8-openjdk/jre/../lib/amd64:/usr/java/packages/lib/amd64:/usr/lib64:/lib64:/lib:/usr/lib (org.apache.zookeeper.ZooKeeper)
[2021-04-19 20:30:20,911] INFO Client environment:java.io.tmpdir=/tmp (org.apache.zookeeper.ZooKeeper)
[2021-04-19 20:30:20,911] INFO Client environment:java.compiler=<NA> (org.apache.zookeeper.ZooKeeper)
[2021-04-19 20:30:20,911] INFO Client environment:os.name=Linux (org.apache.zookeeper.ZooKeeper)
[2021-04-19 20:30:20,911] INFO Client environment:os.arch=amd64 (org.apache.zookeeper.ZooKeeper)
[2021-04-19 20:30:20,911] INFO Client environment:os.version=5.4.0-65-generic (org.apache.zookeeper.ZooKeeper)
[2021-04-19 20:30:20,911] INFO Client environment:user.name=root (org.apache.zookeeper.ZooKeeper)
[2021-04-19 20:30:20,911] INFO Client environment:user.home=/root (org.apache.zookeeper.ZooKeeper)
[2021-04-19 20:30:20,911] INFO Client environment:user.dir=/ (org.apache.zookeeper.ZooKeeper)
[2021-04-19 20:30:20,911] INFO Client environment:os.memory.free=974MB (org.apache.zookeeper.ZooKeeper)
[2021-04-19 20:30:20,911] INFO Client environment:os.memory.max=1024MB (org.apache.zookeeper.ZooKeeper)
[2021-04-19 20:30:20,911] INFO Client environment:os.memory.total=1024MB (org.apache.zookeeper.ZooKeeper)
[2021-04-19 20:30:20,915] INFO Initiating client connection, connectString=zookeeper:2181 sessionTimeout=18000 watcher=kafka.zookeeper.ZooKeeperClient$ZooKeeperClientWatcher$@59fd97a8 (org.apache.zookeeper.ZooKeeper)
[2021-04-19 20:30:20,923] INFO jute.maxbuffer value is 4194304 Bytes (org.apache.zookeeper.ClientCnxnSocket)
[2021-04-19 20:30:20,933] INFO zookeeper.request.timeout value is 0. feature enabled= (org.apache.zookeeper.ClientCnxn)
[2021-04-19 20:30:20,962] INFO [ZooKeeperClient Kafka server] Waiting until connected. (kafka.zookeeper.ZooKeeperClient)
[2021-04-19 20:30:20,972] INFO Opening socket connection to server zookeeper/172.26.0.3:2181. Will not attempt to authenticate using SASL (unknown error) (org.apache.zookeeper.ClientCnxn)
[2021-04-19 20:30:20,982] INFO Socket connection established, initiating session, client: /172.26.0.2:35510, server: zookeeper/172.26.0.3:2181 (org.apache.zookeeper.ClientCnxn)
[2021-04-19 20:30:21,022] INFO Session establishment complete on server zookeeper/172.26.0.3:2181, sessionid = 0x10121597dcd0000, negotiated timeout = 18000 (org.apache.zookeeper.ClientCnxn)
[2021-04-19 20:30:21,029] INFO [ZooKeeperClient Kafka server] Connected. (kafka.zookeeper.ZooKeeperClient)
[2021-04-19 20:30:21,155] INFO [feature-zk-node-event-process-thread]: Starting (kafka.server.FinalizedFeatureChangeListener$ChangeNotificationProcessorThread)
[2021-04-19 20:30:21,183] INFO Feature ZK node at path: /feature does not exist (kafka.server.FinalizedFeatureChangeListener)
[2021-04-19 20:30:21,185] INFO Cleared cache (kafka.server.FinalizedFeatureCache)
[2021-04-19 20:30:21,445] INFO Cluster ID = TXEvdxlaSHCswuyPeVODMw (kafka.server.KafkaServer)
[2021-04-19 20:30:21,450] WARN No meta.properties file under dir /kafka/kafka-logs-76785fdbee66/meta.properties (kafka.server.BrokerMetadataCheckpoint)
[2021-04-19 20:30:21,544] INFO KafkaConfig values: 
	advertised.host.name = null
	advertised.listeners = INSIDE://kafka:9093,OUTSIDE://10.1.100.11:9092
	advertised.port = null
	alter.config.policy.class.name = null
	alter.log.dirs.replication.quota.window.num = 11
	alter.log.dirs.replication.quota.window.size.seconds = 1
	authorizer.class.name = 
	auto.create.topics.enable = true
	auto.leader.rebalance.enable = true
	background.threads = 10
	broker.id = -1
	broker.id.generation.enable = true
	broker.rack = null
	client.quota.callback.class = null
	compression.type = producer
	connection.failed.authentication.delay.ms = 100
	connections.max.idle.ms = 600000
	connections.max.reauth.ms = 0
	control.plane.listener.name = null
	controlled.shutdown.enable = true
	controlled.shutdown.max.retries = 3
	controlled.shutdown.retry.backoff.ms = 5000
	controller.quota.window.num = 11
	controller.quota.window.size.seconds = 1
	controller.socket.timeout.ms = 30000
	create.topic.policy.class.name = null
	default.replication.factor = 1
	delegation.token.expiry.check.interval.ms = 3600000
	delegation.token.expiry.time.ms = 86400000
	delegation.token.master.key = null
	delegation.token.max.lifetime.ms = 604800000
	delete.records.purgatory.purge.interval.requests = 1
	delete.topic.enable = true
	fetch.max.bytes = 57671680
	fetch.purgatory.purge.interval.requests = 1000
	group.initial.rebalance.delay.ms = 0
	group.max.session.timeout.ms = 1800000
	group.max.size = 2147483647
	group.min.session.timeout.ms = 6000
	host.name = 
	inter.broker.listener.name = INSIDE
	inter.broker.protocol.version = 2.7-IV2
	kafka.metrics.polling.interval.secs = 10
	kafka.metrics.reporters = []
	leader.imbalance.check.interval.seconds = 300
	leader.imbalance.per.broker.percentage = 10
	listener.security.protocol.map = INSIDE:PLAINTEXT,OUTSIDE:PLAINTEXT
	listeners = INSIDE://0.0.0.0:9093,OUTSIDE://0.0.0.0:9092
	log.cleaner.backoff.ms = 15000
	log.cleaner.dedupe.buffer.size = 134217728
	log.cleaner.delete.retention.ms = 86400000
	log.cleaner.enable = true
	log.cleaner.io.buffer.load.factor = 0.9
	log.cleaner.io.buffer.size = 524288
	log.cleaner.io.max.bytes.per.second = 1.7976931348623157E308
	log.cleaner.max.compaction.lag.ms = 9223372036854775807
	log.cleaner.min.cleanable.ratio = 0.5
	log.cleaner.min.compaction.lag.ms = 0
	log.cleaner.threads = 1
	log.cleanup.policy = [delete]
	log.dir = /tmp/kafka-logs
	log.dirs = /kafka/kafka-logs-76785fdbee66
	log.flush.interval.messages = 9223372036854775807
	log.flush.interval.ms = null
	log.flush.offset.checkpoint.interval.ms = 60000
	log.flush.scheduler.interval.ms = 9223372036854775807
	log.flush.start.offset.checkpoint.interval.ms = 60000
	log.index.interval.bytes = 4096
	log.index.size.max.bytes = 10485760
	log.message.downconversion.enable = true
	log.message.format.version = 2.7-IV2
	log.message.timestamp.difference.max.ms = 9223372036854775807
	log.message.timestamp.type = CreateTime
	log.preallocate = false
	log.retention.bytes = -1
	log.retention.check.interval.ms = 300000
	log.retention.hours = 168
	log.retention.minutes = null
	log.retention.ms = null
	log.roll.hours = 168
	log.roll.jitter.hours = 0
	log.roll.jitter.ms = null
	log.roll.ms = null
	log.segment.bytes = 1073741824
	log.segment.delete.delay.ms = 60000
	max.connection.creation.rate = 2147483647
	max.connections = 2147483647
	max.connections.per.ip = 2147483647
	max.connections.per.ip.overrides = 
	max.incremental.fetch.session.cache.slots = 1000
	message.max.bytes = 1048588
	metric.reporters = []
	metrics.num.samples = 2
	metrics.recording.level = INFO
	metrics.sample.window.ms = 30000
	min.insync.replicas = 1
	num.io.threads = 8
	num.network.threads = 3
	num.partitions = 1
	num.recovery.threads.per.data.dir = 1
	num.replica.alter.log.dirs.threads = null
	num.replica.fetchers = 1
	offset.metadata.max.bytes = 4096
	offsets.commit.required.acks = -1
	offsets.commit.timeout.ms = 5000
	offsets.load.buffer.size = 5242880
	offsets.retention.check.interval.ms = 600000
	offsets.retention.minutes = 10080
	offsets.topic.compression.codec = 0
	offsets.topic.num.partitions = 50
	offsets.topic.replication.factor = 1
	offsets.topic.segment.bytes = 104857600
	password.encoder.cipher.algorithm = AES/CBC/PKCS5Padding
	password.encoder.iterations = 4096
	password.encoder.key.length = 128
	password.encoder.keyfactory.algorithm = null
	password.encoder.old.secret = null
	password.encoder.secret = null
	port = 9092
	principal.builder.class = null
	producer.purgatory.purge.interval.requests = 1000
	queued.max.request.bytes = -1
	queued.max.requests = 500
	quota.consumer.default = 9223372036854775807
	quota.producer.default = 9223372036854775807
	quota.window.num = 11
	quota.window.size.seconds = 1
	replica.fetch.backoff.ms = 1000
	replica.fetch.max.bytes = 1048576
	replica.fetch.min.bytes = 1
	replica.fetch.response.max.bytes = 10485760
	replica.fetch.wait.max.ms = 500
	replica.high.watermark.checkpoint.interval.ms = 5000
	replica.lag.time.max.ms = 30000
	replica.selector.class = null
	replica.socket.receive.buffer.bytes = 65536
	replica.socket.timeout.ms = 30000
	replication.quota.window.num = 11
	replication.quota.window.size.seconds = 1
	request.timeout.ms = 30000
	reserved.broker.max.id = 1000
	sasl.client.callback.handler.class = null
	sasl.enabled.mechanisms = [GSSAPI]
	sasl.jaas.config = null
	sasl.kerberos.kinit.cmd = /usr/bin/kinit
	sasl.kerberos.min.time.before.relogin = 60000
	sasl.kerberos.principal.to.local.rules = [DEFAULT]
	sasl.kerberos.service.name = null
	sasl.kerberos.ticket.renew.jitter = 0.05
	sasl.kerberos.ticket.renew.window.factor = 0.8
	sasl.login.callback.handler.class = null
	sasl.login.class = null
	sasl.login.refresh.buffer.seconds = 300
	sasl.login.refresh.min.period.seconds = 60
	sasl.login.refresh.window.factor = 0.8
	sasl.login.refresh.window.jitter = 0.05
	sasl.mechanism.inter.broker.protocol = GSSAPI
	sasl.server.callback.handler.class = null
	security.inter.broker.protocol = PLAINTEXT
	security.providers = null
	socket.connection.setup.timeout.max.ms = 127000
	socket.connection.setup.timeout.ms = 10000
	socket.receive.buffer.bytes = 102400
	socket.request.max.bytes = 104857600
	socket.send.buffer.bytes = 102400
	ssl.cipher.suites = []
	ssl.client.auth = none
	ssl.enabled.protocols = [TLSv1.2]
	ssl.endpoint.identification.algorithm = https
	ssl.engine.factory.class = null
	ssl.key.password = null
	ssl.keymanager.algorithm = SunX509
	ssl.keystore.certificate.chain = null
	ssl.keystore.key = null
	ssl.keystore.location = null
	ssl.keystore.password = null
	ssl.keystore.type = JKS
	ssl.principal.mapping.rules = DEFAULT
	ssl.protocol = TLSv1.2
	ssl.provider = null
	ssl.secure.random.implementation = null
	ssl.trustmanager.algorithm = PKIX
	ssl.truststore.certificates = null
	ssl.truststore.location = null
	ssl.truststore.password = null
	ssl.truststore.type = JKS
	transaction.abort.timed.out.transaction.cleanup.interval.ms = 10000
	transaction.max.timeout.ms = 900000
	transaction.remove.expired.transaction.cleanup.interval.ms = 3600000
	transaction.state.log.load.buffer.size = 5242880
	transaction.state.log.min.isr = 1
	transaction.state.log.num.partitions = 50
	transaction.state.log.replication.factor = 1
	transaction.state.log.segment.bytes = 104857600
	transactional.id.expiration.ms = 604800000
	unclean.leader.election.enable = false
	zookeeper.clientCnxnSocket = null
	zookeeper.connect = zookeeper:2181
	zookeeper.connection.timeout.ms = 18000
	zookeeper.max.in.flight.requests = 10
	zookeeper.session.timeout.ms = 18000
	zookeeper.set.acl = false
	zookeeper.ssl.cipher.suites = null
	zookeeper.ssl.client.enable = false
	zookeeper.ssl.crl.enable = false
	zookeeper.ssl.enabled.protocols = null
	zookeeper.ssl.endpoint.identification.algorithm = HTTPS
	zookeeper.ssl.keystore.location = null
	zookeeper.ssl.keystore.password = null
	zookeeper.ssl.keystore.type = null
	zookeeper.ssl.ocsp.enable = false
	zookeeper.ssl.protocol = TLSv1.2
	zookeeper.ssl.truststore.location = null
	zookeeper.ssl.truststore.password = null
	zookeeper.ssl.truststore.type = null
	zookeeper.sync.time.ms = 2000
 (kafka.server.KafkaConfig)
[2021-04-19 20:30:21,555] INFO KafkaConfig values: 
	advertised.host.name = null
	advertised.listeners = INSIDE://kafka:9093,OUTSIDE://10.1.100.11:9092
	advertised.port = null
	alter.config.policy.class.name = null
	alter.log.dirs.replication.quota.window.num = 11
	alter.log.dirs.replication.quota.window.size.seconds = 1
	authorizer.class.name = 
	auto.create.topics.enable = true
	auto.leader.rebalance.enable = true
	background.threads = 10
	broker.id = -1
	broker.id.generation.enable = true
	broker.rack = null
	client.quota.callback.class = null
	compression.type = producer
	connection.failed.authentication.delay.ms = 100
	connections.max.idle.ms = 600000
	connections.max.reauth.ms = 0
	control.plane.listener.name = null
	controlled.shutdown.enable = true
	controlled.shutdown.max.retries = 3
	controlled.shutdown.retry.backoff.ms = 5000
	controller.quota.window.num = 11
	controller.quota.window.size.seconds = 1
	controller.socket.timeout.ms = 30000
	create.topic.policy.class.name = null
	default.replication.factor = 1
	delegation.token.expiry.check.interval.ms = 3600000
	delegation.token.expiry.time.ms = 86400000
	delegation.token.master.key = null
	delegation.token.max.lifetime.ms = 604800000
	delete.records.purgatory.purge.interval.requests = 1
	delete.topic.enable = true
	fetch.max.bytes = 57671680
	fetch.purgatory.purge.interval.requests = 1000
	group.initial.rebalance.delay.ms = 0
	group.max.session.timeout.ms = 1800000
	group.max.size = 2147483647
	group.min.session.timeout.ms = 6000
	host.name = 
	inter.broker.listener.name = INSIDE
	inter.broker.protocol.version = 2.7-IV2
	kafka.metrics.polling.interval.secs = 10
	kafka.metrics.reporters = []
	leader.imbalance.check.interval.seconds = 300
	leader.imbalance.per.broker.percentage = 10
	listener.security.protocol.map = INSIDE:PLAINTEXT,OUTSIDE:PLAINTEXT
	listeners = INSIDE://0.0.0.0:9093,OUTSIDE://0.0.0.0:9092
	log.cleaner.backoff.ms = 15000
	log.cleaner.dedupe.buffer.size = 134217728
	log.cleaner.delete.retention.ms = 86400000
	log.cleaner.enable = true
	log.cleaner.io.buffer.load.factor = 0.9
	log.cleaner.io.buffer.size = 524288
	log.cleaner.io.max.bytes.per.second = 1.7976931348623157E308
	log.cleaner.max.compaction.lag.ms = 9223372036854775807
	log.cleaner.min.cleanable.ratio = 0.5
	log.cleaner.min.compaction.lag.ms = 0
	log.cleaner.threads = 1
	log.cleanup.policy = [delete]
	log.dir = /tmp/kafka-logs
	log.dirs = /kafka/kafka-logs-76785fdbee66
	log.flush.interval.messages = 9223372036854775807
	log.flush.interval.ms = null
	log.flush.offset.checkpoint.interval.ms = 60000
	log.flush.scheduler.interval.ms = 9223372036854775807
	log.flush.start.offset.checkpoint.interval.ms = 60000
	log.index.interval.bytes = 4096
	log.index.size.max.bytes = 10485760
	log.message.downconversion.enable = true
	log.message.format.version = 2.7-IV2
	log.message.timestamp.difference.max.ms = 9223372036854775807
	log.message.timestamp.type = CreateTime
	log.preallocate = false
	log.retention.bytes = -1
	log.retention.check.interval.ms = 300000
	log.retention.hours = 168
	log.retention.minutes = null
	log.retention.ms = null
	log.roll.hours = 168
	log.roll.jitter.hours = 0
	log.roll.jitter.ms = null
	log.roll.ms = null
	log.segment.bytes = 1073741824
	log.segment.delete.delay.ms = 60000
	max.connection.creation.rate = 2147483647
	max.connections = 2147483647
	max.connections.per.ip = 2147483647
	max.connections.per.ip.overrides = 
	max.incremental.fetch.session.cache.slots = 1000
	message.max.bytes = 1048588
	metric.reporters = []
	metrics.num.samples = 2
	metrics.recording.level = INFO
	metrics.sample.window.ms = 30000
	min.insync.replicas = 1
	num.io.threads = 8
	num.network.threads = 3
	num.partitions = 1
	num.recovery.threads.per.data.dir = 1
	num.replica.alter.log.dirs.threads = null
	num.replica.fetchers = 1
	offset.metadata.max.bytes = 4096
	offsets.commit.required.acks = -1
	offsets.commit.timeout.ms = 5000
	offsets.load.buffer.size = 5242880
	offsets.retention.check.interval.ms = 600000
	offsets.retention.minutes = 10080
	offsets.topic.compression.codec = 0
	offsets.topic.num.partitions = 50
	offsets.topic.replication.factor = 1
	offsets.topic.segment.bytes = 104857600
	password.encoder.cipher.algorithm = AES/CBC/PKCS5Padding
	password.encoder.iterations = 4096
	password.encoder.key.length = 128
	password.encoder.keyfactory.algorithm = null
	password.encoder.old.secret = null
	password.encoder.secret = null
	port = 9092
	principal.builder.class = null
	producer.purgatory.purge.interval.requests = 1000
	queued.max.request.bytes = -1
	queued.max.requests = 500
	quota.consumer.default = 9223372036854775807
	quota.producer.default = 9223372036854775807
	quota.window.num = 11
	quota.window.size.seconds = 1
	replica.fetch.backoff.ms = 1000
	replica.fetch.max.bytes = 1048576
	replica.fetch.min.bytes = 1
	replica.fetch.response.max.bytes = 10485760
	replica.fetch.wait.max.ms = 500
	replica.high.watermark.checkpoint.interval.ms = 5000
	replica.lag.time.max.ms = 30000
	replica.selector.class = null
	replica.socket.receive.buffer.bytes = 65536
	replica.socket.timeout.ms = 30000
	replication.quota.window.num = 11
	replication.quota.window.size.seconds = 1
	request.timeout.ms = 30000
	reserved.broker.max.id = 1000
	sasl.client.callback.handler.class = null
	sasl.enabled.mechanisms = [GSSAPI]
	sasl.jaas.config = null
	sasl.kerberos.kinit.cmd = /usr/bin/kinit
	sasl.kerberos.min.time.before.relogin = 60000
	sasl.kerberos.principal.to.local.rules = [DEFAULT]
	sasl.kerberos.service.name = null
	sasl.kerberos.ticket.renew.jitter = 0.05
	sasl.kerberos.ticket.renew.window.factor = 0.8
	sasl.login.callback.handler.class = null
	sasl.login.class = null
	sasl.login.refresh.buffer.seconds = 300
	sasl.login.refresh.min.period.seconds = 60
	sasl.login.refresh.window.factor = 0.8
	sasl.login.refresh.window.jitter = 0.05
	sasl.mechanism.inter.broker.protocol = GSSAPI
	sasl.server.callback.handler.class = null
	security.inter.broker.protocol = PLAINTEXT
	security.providers = null
	socket.connection.setup.timeout.max.ms = 127000
	socket.connection.setup.timeout.ms = 10000
	socket.receive.buffer.bytes = 102400
	socket.request.max.bytes = 104857600
	socket.send.buffer.bytes = 102400
	ssl.cipher.suites = []
	ssl.client.auth = none
	ssl.enabled.protocols = [TLSv1.2]
	ssl.endpoint.identification.algorithm = https
	ssl.engine.factory.class = null
	ssl.key.password = null
	ssl.keymanager.algorithm = SunX509
	ssl.keystore.certificate.chain = null
	ssl.keystore.key = null
	ssl.keystore.location = null
	ssl.keystore.password = null
	ssl.keystore.type = JKS
	ssl.principal.mapping.rules = DEFAULT
	ssl.protocol = TLSv1.2
	ssl.provider = null
	ssl.secure.random.implementation = null
	ssl.trustmanager.algorithm = PKIX
	ssl.truststore.certificates = null
	ssl.truststore.location = null
	ssl.truststore.password = null
	ssl.truststore.type = JKS
	transaction.abort.timed.out.transaction.cleanup.interval.ms = 10000
	transaction.max.timeout.ms = 900000
	transaction.remove.expired.transaction.cleanup.interval.ms = 3600000
	transaction.state.log.load.buffer.size = 5242880
	transaction.state.log.min.isr = 1
	transaction.state.log.num.partitions = 50
	transaction.state.log.replication.factor = 1
	transaction.state.log.segment.bytes = 104857600
	transactional.id.expiration.ms = 604800000
	unclean.leader.election.enable = false
	zookeeper.clientCnxnSocket = null
	zookeeper.connect = zookeeper:2181
	zookeeper.connection.timeout.ms = 18000
	zookeeper.max.in.flight.requests = 10
	zookeeper.session.timeout.ms = 18000
	zookeeper.set.acl = false
	zookeeper.ssl.cipher.suites = null
	zookeeper.ssl.client.enable = false
	zookeeper.ssl.crl.enable = false
	zookeeper.ssl.enabled.protocols = null
	zookeeper.ssl.endpoint.identification.algorithm = HTTPS
	zookeeper.ssl.keystore.location = null
	zookeeper.ssl.keystore.password = null
	zookeeper.ssl.keystore.type = null
	zookeeper.ssl.ocsp.enable = false
	zookeeper.ssl.protocol = TLSv1.2
	zookeeper.ssl.truststore.location = null
	zookeeper.ssl.truststore.password = null
	zookeeper.ssl.truststore.type = null
	zookeeper.sync.time.ms = 2000
 (kafka.server.KafkaConfig)
[2021-04-19 20:30:21,610] INFO [ThrottledChannelReaper-Fetch]: Starting (kafka.server.ClientQuotaManager$ThrottledChannelReaper)
[2021-04-19 20:30:21,610] INFO [ThrottledChannelReaper-Produce]: Starting (kafka.server.ClientQuotaManager$ThrottledChannelReaper)
[2021-04-19 20:30:21,612] INFO [ThrottledChannelReaper-Request]: Starting (kafka.server.ClientQuotaManager$ThrottledChannelReaper)
[2021-04-19 20:30:21,613] INFO [ThrottledChannelReaper-ControllerMutation]: Starting (kafka.server.ClientQuotaManager$ThrottledChannelReaper)
[2021-04-19 20:30:21,650] INFO Log directory /kafka/kafka-logs-76785fdbee66 not found, creating it. (kafka.log.LogManager)
[2021-04-19 20:30:21,659] INFO Loading logs from log dirs ArraySeq(/kafka/kafka-logs-76785fdbee66) (kafka.log.LogManager)
[2021-04-19 20:30:21,662] INFO Attempting recovery for all logs in /kafka/kafka-logs-76785fdbee66 since no clean shutdown file was found (kafka.log.LogManager)
[2021-04-19 20:30:21,668] INFO Loaded 0 logs in 10ms. (kafka.log.LogManager)
[2021-04-19 20:30:21,689] INFO Starting log cleanup with a period of 300000 ms. (kafka.log.LogManager)
[2021-04-19 20:30:21,692] INFO Starting log flusher with a default period of 9223372036854775807 ms. (kafka.log.LogManager)
[2021-04-19 20:30:22,380] INFO Created ConnectionAcceptRate sensor, quotaLimit=2147483647 (kafka.network.ConnectionQuotas)
[2021-04-19 20:30:22,384] INFO Created ConnectionAcceptRate-INSIDE sensor, quotaLimit=2147483647 (kafka.network.ConnectionQuotas)
[2021-04-19 20:30:22,387] INFO Updated INSIDE max connection creation rate to 2147483647 (kafka.network.ConnectionQuotas)
[2021-04-19 20:30:22,393] INFO Awaiting socket connections on 0.0.0.0:9093. (kafka.network.Acceptor)
[2021-04-19 20:30:22,444] INFO [SocketServer brokerId=1001] Created data-plane acceptor and processors for endpoint : ListenerName(INSIDE) (kafka.network.SocketServer)
[2021-04-19 20:30:22,444] INFO Created ConnectionAcceptRate-OUTSIDE sensor, quotaLimit=2147483647 (kafka.network.ConnectionQuotas)
[2021-04-19 20:30:22,445] INFO Updated OUTSIDE max connection creation rate to 2147483647 (kafka.network.ConnectionQuotas)
[2021-04-19 20:30:22,445] INFO Awaiting socket connections on 0.0.0.0:9092. (kafka.network.Acceptor)
[2021-04-19 20:30:22,456] INFO [SocketServer brokerId=1001] Created data-plane acceptor and processors for endpoint : ListenerName(OUTSIDE) (kafka.network.SocketServer)
[2021-04-19 20:30:22,502] INFO [ExpirationReaper-1001-Produce]: Starting (kafka.server.DelayedOperationPurgatory$ExpiredOperationReaper)
[2021-04-19 20:30:22,503] INFO [ExpirationReaper-1001-Fetch]: Starting (kafka.server.DelayedOperationPurgatory$ExpiredOperationReaper)
[2021-04-19 20:30:22,503] INFO [ExpirationReaper-1001-DeleteRecords]: Starting (kafka.server.DelayedOperationPurgatory$ExpiredOperationReaper)
[2021-04-19 20:30:22,504] INFO [ExpirationReaper-1001-ElectLeader]: Starting (kafka.server.DelayedOperationPurgatory$ExpiredOperationReaper)
[2021-04-19 20:30:22,523] INFO [LogDirFailureHandler]: Starting (kafka.server.ReplicaManager$LogDirFailureHandler)
[2021-04-19 20:30:22,523] INFO [broker-1001-to-controller-send-thread]: Starting (kafka.server.BrokerToControllerRequestThread)
[2021-04-19 20:30:22,562] INFO Creating /brokers/ids/1001 (is it secure? false) (kafka.zk.KafkaZkClient)
[2021-04-19 20:30:22,586] INFO Stat of the created znode at /brokers/ids/1001 is: 25,25,1618864222578,1618864222578,1,0,0,72375737261031424,239,0,25
 (kafka.zk.KafkaZkClient)
[2021-04-19 20:30:22,587] INFO Registered broker 1001 at path /brokers/ids/1001 with addresses: INSIDE://kafka:9093,OUTSIDE://10.1.100.11:9092, czxid (broker epoch): 25 (kafka.zk.KafkaZkClient)
[2021-04-19 20:30:22,680] INFO [ExpirationReaper-1001-topic]: Starting (kafka.server.DelayedOperationPurgatory$ExpiredOperationReaper)
[2021-04-19 20:30:22,683] INFO Successfully created /controller_epoch with initial epoch 0 (kafka.zk.KafkaZkClient)
[2021-04-19 20:30:22,686] INFO [ExpirationReaper-1001-Heartbeat]: Starting (kafka.server.DelayedOperationPurgatory$ExpiredOperationReaper)
[2021-04-19 20:30:22,687] INFO [ExpirationReaper-1001-Rebalance]: Starting (kafka.server.DelayedOperationPurgatory$ExpiredOperationReaper)
[2021-04-19 20:30:22,706] INFO Feature ZK node created at path: /feature (kafka.server.FinalizedFeatureChangeListener)
[2021-04-19 20:30:22,724] INFO [GroupCoordinator 1001]: Starting up. (kafka.coordinator.group.GroupCoordinator)
[2021-04-19 20:30:22,725] INFO [GroupCoordinator 1001]: Startup complete. (kafka.coordinator.group.GroupCoordinator)
[2021-04-19 20:30:22,756] INFO [ProducerId Manager 1001]: Acquired new producerId block (brokerId:1001,blockStartProducerId:0,blockEndProducerId:999) by writing to Zk with path version 1 (kafka.coordinator.transaction.ProducerIdManager)
[2021-04-19 20:30:22,781] INFO [TransactionCoordinator id=1001] Starting up. (kafka.coordinator.transaction.TransactionCoordinator)
[2021-04-19 20:30:22,783] INFO [Transaction Marker Channel Manager 1001]: Starting (kafka.coordinator.transaction.TransactionMarkerChannelManager)
[2021-04-19 20:30:22,783] INFO [TransactionCoordinator id=1001] Startup complete. (kafka.coordinator.transaction.TransactionCoordinator)
[2021-04-19 20:30:22,830] INFO Updated cache from existing <empty> to latest FinalizedFeaturesAndEpoch(features=Features{}, epoch=0). (kafka.server.FinalizedFeatureCache)
[2021-04-19 20:30:22,869] INFO [ExpirationReaper-1001-AlterAcls]: Starting (kafka.server.DelayedOperationPurgatory$ExpiredOperationReaper)
[2021-04-19 20:30:22,898] INFO [/config/changes-event-process-thread]: Starting (kafka.common.ZkNodeChangeNotificationListener$ChangeEventProcessThread)
[2021-04-19 20:30:22,908] INFO [SocketServer brokerId=1001] Starting socket server acceptors and processors (kafka.network.SocketServer)
[2021-04-19 20:30:22,914] INFO [SocketServer brokerId=1001] Started data-plane acceptor and processor(s) for endpoint : ListenerName(INSIDE) (kafka.network.SocketServer)
[2021-04-19 20:30:22,915] INFO [SocketServer brokerId=1001] Started data-plane acceptor and processor(s) for endpoint : ListenerName(OUTSIDE) (kafka.network.SocketServer)
[2021-04-19 20:30:22,915] INFO [SocketServer brokerId=1001] Started socket server acceptors and processors (kafka.network.SocketServer)
[2021-04-19 20:30:22,921] INFO Kafka version: 2.7.0 (org.apache.kafka.common.utils.AppInfoParser)
[2021-04-19 20:30:22,921] INFO Kafka commitId: 448719dc99a19793 (org.apache.kafka.common.utils.AppInfoParser)
[2021-04-19 20:30:22,921] INFO Kafka startTimeMs: 1618864222916 (org.apache.kafka.common.utils.AppInfoParser)
[2021-04-19 20:30:22,923] INFO [KafkaServer id=1001] started (kafka.server.KafkaServer)
[2021-04-19 20:30:23,019] INFO Creating topic test-topic with configuration {} and initial partition assignment HashMap(0 -> ArrayBuffer(1001)) (kafka.zk.AdminZkClient)
[2021-04-19 20:30:23,019] INFO Creating topic test-topic with configuration {} and initial partition assignment HashMap(0 -> ArrayBuffer(1001)) (kafka.zk.AdminZkClient)
[2021-04-19 20:30:23,019] INFO Creating topic test-topic with configuration {} and initial partition assignment HashMap(0 -> ArrayBuffer(1001)) (kafka.zk.AdminZkClient)
[2021-04-19 20:30:23,019] INFO Creating topic quickstart-events with configuration {} and initial partition assignment HashMap(0 -> ArrayBuffer(1001)) (kafka.zk.AdminZkClient)
[2021-04-19 20:30:23,019] INFO Creating topic test-topic with configuration {} and initial partition assignment HashMap(0 -> ArrayBuffer(1001)) (kafka.zk.AdminZkClient)
[2021-04-19 20:30:23,025] INFO [broker-1001-to-controller-send-thread]: Recorded new controller, from now on will use broker 1001 (kafka.server.BrokerToControllerRequestThread)
[2021-04-19 20:30:23,039] INFO [KafkaApi-1001] Auto creation of topic quickstart-events with 1 partitions and replication factor 1 is successful (kafka.server.KafkaApis)
[2021-04-19 20:30:23,039] INFO [KafkaApi-1001] Auto creation of topic test-topic with 1 partitions and replication factor 1 is successful (kafka.server.KafkaApis)
[2021-04-19 20:30:23,130] INFO [ReplicaFetcherManager on broker 1001] Removed fetcher for partitions Set(quickstart-events-0, test-topic-0) (kafka.server.ReplicaFetcherManager)
[2021-04-19 20:30:23,207] INFO [Log partition=quickstart-events-0, dir=/kafka/kafka-logs-76785fdbee66] Loading producer state till offset 0 with message format version 2 (kafka.log.Log)
[2021-04-19 20:30:23,218] INFO Created log for partition quickstart-events-0 in /kafka/kafka-logs-76785fdbee66/quickstart-events-0 with properties {compression.type -> producer, message.downconversion.enable -> true, min.insync.replicas -> 1, segment.jitter.ms -> 0, cleanup.policy -> [delete], flush.ms -> 9223372036854775807, segment.bytes -> 1073741824, retention.ms -> 604800000, flush.messages -> 9223372036854775807, message.format.version -> 2.7-IV2, file.delete.delay.ms -> 60000, max.compaction.lag.ms -> 9223372036854775807, max.message.bytes -> 1048588, min.compaction.lag.ms -> 0, message.timestamp.type -> CreateTime, preallocate -> false, min.cleanable.dirty.ratio -> 0.5, index.interval.bytes -> 4096, unclean.leader.election.enable -> false, retention.bytes -> -1, delete.retention.ms -> 86400000, segment.ms -> 604800000, message.timestamp.difference.max.ms -> 9223372036854775807, segment.index.bytes -> 10485760}. (kafka.log.LogManager)
[2021-04-19 20:30:23,220] INFO [Partition quickstart-events-0 broker=1001] No checkpointed highwatermark is found for partition quickstart-events-0 (kafka.cluster.Partition)
[2021-04-19 20:30:23,221] INFO [Partition quickstart-events-0 broker=1001] Log loaded for partition quickstart-events-0 with initial high watermark 0 (kafka.cluster.Partition)
[2021-04-19 20:30:23,240] INFO [Log partition=test-topic-0, dir=/kafka/kafka-logs-76785fdbee66] Loading producer state till offset 0 with message format version 2 (kafka.log.Log)
[2021-04-19 20:30:23,242] INFO Created log for partition test-topic-0 in /kafka/kafka-logs-76785fdbee66/test-topic-0 with properties {compression.type -> producer, message.downconversion.enable -> true, min.insync.replicas -> 1, segment.jitter.ms -> 0, cleanup.policy -> [delete], flush.ms -> 9223372036854775807, segment.bytes -> 1073741824, retention.ms -> 604800000, flush.messages -> 9223372036854775807, message.format.version -> 2.7-IV2, file.delete.delay.ms -> 60000, max.compaction.lag.ms -> 9223372036854775807, max.message.bytes -> 1048588, min.compaction.lag.ms -> 0, message.timestamp.type -> CreateTime, preallocate -> false, min.cleanable.dirty.ratio -> 0.5, index.interval.bytes -> 4096, unclean.leader.election.enable -> false, retention.bytes -> -1, delete.retention.ms -> 86400000, segment.ms -> 604800000, message.timestamp.difference.max.ms -> 9223372036854775807, segment.index.bytes -> 10485760}. (kafka.log.LogManager)
[2021-04-19 20:30:23,242] INFO [Partition test-topic-0 broker=1001] No checkpointed highwatermark is found for partition test-topic-0 (kafka.cluster.Partition)
[2021-04-19 20:30:23,242] INFO [Partition test-topic-0 broker=1001] Log loaded for partition test-topic-0 with initial high watermark 0 (kafka.cluster.Partition)
