[2021-04-19 19:42:48,479] INFO [Controller id=1001 epoch=1] Sending UpdateMetadata request to brokers HashSet(1001) for 0 partitions (state.change.logger)
[2021-04-19 19:42:48,614] INFO [Controller id=1001 epoch=1] Changed partition test-topic-0 state from NonExistentPartition to NewPartition with assigned replicas 1001 (state.change.logger)
[2021-04-19 19:42:48,614] INFO [Controller id=1001 epoch=1] Sending UpdateMetadata request to brokers HashSet() for 0 partitions (state.change.logger)
[2021-04-19 19:42:48,620] INFO [Controller id=1001 epoch=1] Sending UpdateMetadata request to brokers HashSet() for 0 partitions (state.change.logger)
[2021-04-19 19:42:48,648] INFO [Controller id=1001 epoch=1] Changed partition test-topic-0 from NewPartition to OnlinePartition with state LeaderAndIsr(leader=1001, leaderEpoch=0, isr=List(1001), zkVersion=0) (state.change.logger)
[2021-04-19 19:42:48,651] INFO [Controller id=1001 epoch=1] Sending LeaderAndIsr request to broker 1001 with 1 become-leader and 0 become-follower partitions (state.change.logger)
[2021-04-19 19:42:48,653] INFO [Controller id=1001 epoch=1] Sending UpdateMetadata request to brokers HashSet(1001) for 1 partitions (state.change.logger)
[2021-04-19 19:42:48,654] INFO [Controller id=1001 epoch=1] Sending UpdateMetadata request to brokers HashSet() for 0 partitions (state.change.logger)
[2021-04-19 19:42:48,659] INFO [Broker id=1001] Handling LeaderAndIsr request correlationId 1 from controller 1001 for 1 partitions (state.change.logger)
[2021-04-19 19:42:48,660] INFO [Controller id=1001 epoch=1] Changed partition quickstart-events-0 state from NonExistentPartition to NewPartition with assigned replicas 1001 (state.change.logger)
[2021-04-19 19:42:48,661] INFO [Controller id=1001 epoch=1] Sending UpdateMetadata request to brokers HashSet() for 0 partitions (state.change.logger)
[2021-04-19 19:42:48,661] INFO [Controller id=1001 epoch=1] Sending UpdateMetadata request to brokers HashSet() for 0 partitions (state.change.logger)
[2021-04-19 19:42:48,668] INFO [Controller id=1001 epoch=1] Changed partition quickstart-events-0 from NewPartition to OnlinePartition with state LeaderAndIsr(leader=1001, leaderEpoch=0, isr=List(1001), zkVersion=0) (state.change.logger)
[2021-04-19 19:42:48,668] INFO [Controller id=1001 epoch=1] Sending LeaderAndIsr request to broker 1001 with 1 become-leader and 0 become-follower partitions (state.change.logger)
[2021-04-19 19:42:48,669] INFO [Controller id=1001 epoch=1] Sending UpdateMetadata request to brokers HashSet(1001) for 1 partitions (state.change.logger)
[2021-04-19 19:42:48,669] INFO [Controller id=1001 epoch=1] Sending UpdateMetadata request to brokers HashSet() for 0 partitions (state.change.logger)
[2021-04-19 19:42:48,686] INFO [Broker id=1001] Stopped fetchers as part of LeaderAndIsr request correlationId 1 from controller 1001 epoch 1 as part of the become-leader transition for 1 partitions (state.change.logger)
[2021-04-19 19:42:48,776] INFO [Broker id=1001] Leader test-topic-0 starts at leader epoch 0 from offset 0 with high watermark 0 ISR [1001] addingReplicas [] removingReplicas []. Previous leader epoch was -1. (state.change.logger)
[2021-04-19 19:42:48,793] INFO [Broker id=1001] Finished LeaderAndIsr request in 136ms correlationId 1 from controller 1001 for 1 partitions (state.change.logger)
[2021-04-19 19:42:48,809] INFO [Broker id=1001] Add 1 partitions and deleted 0 partitions from metadata cache in response to UpdateMetadata request sent by controller 1001 epoch 1 with correlation id 2 (state.change.logger)
[2021-04-19 19:42:48,811] INFO [Broker id=1001] Handling LeaderAndIsr request correlationId 3 from controller 1001 for 1 partitions (state.change.logger)
[2021-04-19 19:42:48,813] INFO [Broker id=1001] Stopped fetchers as part of LeaderAndIsr request correlationId 3 from controller 1001 epoch 1 as part of the become-leader transition for 1 partitions (state.change.logger)
[2021-04-19 19:42:48,822] INFO [Broker id=1001] Leader quickstart-events-0 starts at leader epoch 0 from offset 0 with high watermark 0 ISR [1001] addingReplicas [] removingReplicas []. Previous leader epoch was -1. (state.change.logger)
[2021-04-19 19:42:48,823] INFO [Broker id=1001] Finished LeaderAndIsr request in 12ms correlationId 3 from controller 1001 for 1 partitions (state.change.logger)
[2021-04-19 19:42:48,833] INFO [Broker id=1001] Add 1 partitions and deleted 0 partitions from metadata cache in response to UpdateMetadata request sent by controller 1001 epoch 1 with correlation id 4 (state.change.logger)
